c:\users\olly-pc\documents\visual studio 2013\projects\this - copy\this\release\libsound.pch
c:\users\olly-pc\documents\visual studio 2013\projects\this - copy\this\release\vc120.pdb
c:\users\olly-pc\documents\visual studio 2013\projects\this - copy\this\release\stdafx.obj
c:\users\olly-pc\documents\visual studio 2013\projects\this - copy\this\release\dllmain.obj
c:\users\olly-pc\documents\visual studio 2013\projects\this - copy\this\release\main.obj
c:\users\olly-pc\documents\visual studio 2013\projects\libsound\this\release\libsound.pch
c:\users\olly-pc\documents\visual studio 2013\projects\libsound\this\release\vc120.pdb
c:\users\olly-pc\documents\visual studio 2013\projects\libsound\this\release\stdafx.obj
c:\users\olly-pc\documents\visual studio 2013\projects\libsound\this\release\dllmain.obj
c:\users\olly-pc\documents\visual studio 2013\projects\libsound\this\release\main.obj
c:\users\olly-pc\desktop\plugins\libsound\this\release\libsound.pch
c:\users\olly-pc\desktop\plugins\libsound\this\release\vc120.pdb
c:\users\olly-pc\desktop\plugins\libsound\this\release\stdafx.obj
c:\users\olly-pc\desktop\plugins\libsound\this\release\dllmain.obj
c:\users\olly-pc\desktop\plugins\libsound\this\release\main.obj
c:\users\olly-pc\documents\visual studio 2013\projects\this - copy\release\libsound.lib
c:\users\olly-pc\documents\visual studio 2013\projects\this - copy\release\libsound.exp
c:\users\olly-pc\documents\visual studio 2013\projects\libsound\release\libsound.lib
c:\users\olly-pc\documents\visual studio 2013\projects\libsound\release\libsound.exp
c:\users\olly-pc\desktop\plugins\libsound\release\libsound.lib
c:\users\olly-pc\desktop\plugins\libsound\release\libsound.exp
c:\users\olly-pc\documents\visual studio 2013\projects\this - copy\release\libsound.dll
c:\users\olly-pc\documents\visual studio 2013\projects\this - copy\release\libsound.pdb
c:\users\olly-pc\documents\visual studio 2013\projects\libsound\release\libsound.dll
c:\users\olly-pc\documents\visual studio 2013\projects\libsound\release\libsound.pdb
c:\users\olly-pc\desktop\plugins\libsound\release\libsound.dll
c:\users\olly-pc\desktop\plugins\libsound\release\libsound.pdb
c:\users\olly-pc\desktop\plugins\libsound\this\release\libsound.tlog\cl.command.1.tlog
c:\users\olly-pc\desktop\plugins\libsound\this\release\libsound.tlog\cl.read.1.tlog
c:\users\olly-pc\desktop\plugins\libsound\this\release\libsound.tlog\cl.write.1.tlog
c:\users\olly-pc\desktop\plugins\libsound\this\release\libsound.tlog\libsound.write.1u.tlog
c:\users\olly-pc\desktop\plugins\libsound\this\release\libsound.tlog\link.command.1.tlog
c:\users\olly-pc\desktop\plugins\libsound\this\release\libsound.tlog\link.read.1.tlog
c:\users\olly-pc\desktop\plugins\libsound\this\release\libsound.tlog\link.write.1.tlog
